2016-05-30 12:49:57,779 ReasonerProcess                INFO     STARTING: ReasonerProcess-1, command = ./provers/p9m4/prover9
2016-05-30 12:49:57,887 ReasonerProcess                INFO     STARTING: ReasonerProcess-2, command = ./provers/vampire_mac
2016-05-30 12:49:57,994 ReasonerProcess                INFO     STARTING: ReasonerProcess-3, command = ./provers/p9m4/mace4
2016-05-30 16:00:29,929 ReasonerProcess                INFO     STARTING: ReasonerProcess-1, command = ./provers/p9m4/prover9
2016-05-30 16:00:30,036 ReasonerProcess                INFO     STARTING: ReasonerProcess-2, command = ./provers/vampire_mac
2016-05-30 16:00:30,146 ReasonerProcess                INFO     STARTING: ReasonerProcess-3, command = ./provers/p9m4/mace4
2016-05-30 16:00:30,947 ReasonerProcess                INFO     FINISHED: ReasonerProcess-1, command = ./provers/p9m4/prover9
2016-05-30 16:05:11,810 ReasonerProcess                INFO     STARTING: ReasonerProcess-1, command = ./provers/p9m4/prover9
2016-05-30 16:05:11,916 ReasonerProcess                INFO     STARTING: ReasonerProcess-2, command = ./provers/vampire_mac
2016-05-30 16:05:12,020 ReasonerProcess                INFO     STARTING: ReasonerProcess-3, command = ./provers/p9m4/mace4
2016-05-30 16:05:12,827 ReasonerProcess                INFO     FINISHED: ReasonerProcess-1, command = ./provers/p9m4/prover9
2016-05-30 16:10:15,317 ReasonerProcess                INFO     FINISHED: ReasonerProcess-3, command = ./provers/p9m4/mace4
2016-08-12 13:12:14,623 ReasonerProcess                INFO     STARTING: ReasonerProcess-1, command = ./provers/p9m4/prover9
2016-08-12 13:12:14,733 ReasonerProcess                INFO     STARTING: ReasonerProcess-2, command = ./provers/vampire_mac
2016-08-12 13:12:14,842 ReasonerProcess                INFO     STARTING: ReasonerProcess-3, command = ./provers/p9m4/mace4
2018-03-22 22:28:26,723 ReasonerProcess                INFO     STARTING: ReasonerProcess-1, command = ./provers/p9m4/prover9
2018-03-22 22:28:26,831 ReasonerProcess                INFO     STARTING: ReasonerProcess-2, command = ./provers/vampire_mac
2018-03-22 22:28:26,939 ReasonerProcess                INFO     STARTING: ReasonerProcess-3, command = ./provers/p9m4/mace4
2018-04-03 22:55:54,467 ReasonerProcess                INFO     STARTING: ReasonerProcess-1, command = ./provers/p9m4/prover9
2018-04-03 22:55:54,573 ReasonerProcess                INFO     STARTING: ReasonerProcess-2, command = ./provers/vampire_mac
2018-04-03 22:55:54,680 ReasonerProcess                INFO     STARTING: ReasonerProcess-3, command = ./provers/p9m4/mace4
2018-04-04 11:35:31,320 ReasonerProcess                INFO     STARTING: ReasonerProcess-1, command = ./provers/p9m4/prover9
2018-04-04 11:35:31,427 ReasonerProcess                INFO     STARTING: ReasonerProcess-2, command = ./provers/vampire_mac
2018-04-04 11:35:31,532 ReasonerProcess                INFO     STARTING: ReasonerProcess-3, command = ./provers/p9m4/mace4
2018-04-04 11:44:47,404 ReasonerProcess                INFO     STARTING: ReasonerProcess-1, command = ./provers/p9m4/prover9
2018-04-04 11:44:47,509 ReasonerProcess                INFO     STARTING: ReasonerProcess-2, command = ./provers/vampire_mac
2018-04-04 11:44:47,616 ReasonerProcess                INFO     STARTING: ReasonerProcess-3, command = ./provers/p9m4/mace4
2018-04-04 11:48:14,511 ReasonerProcess                INFO     STARTING: ReasonerProcess-1, command = ./provers/p9m4/prover9
2018-04-04 11:48:14,617 ReasonerProcess                INFO     STARTING: ReasonerProcess-2, command = ./provers/vampire_mac
2018-04-04 11:48:14,721 ReasonerProcess                INFO     STARTING: ReasonerProcess-3, command = ./provers/p9m4/mace4
2018-04-04 11:51:49,537 ReasonerProcess                INFO     STARTING: ReasonerProcess-1, command = ./provers/p9m4/prover9
2018-04-04 11:51:49,642 ReasonerProcess                INFO     STARTING: ReasonerProcess-2, command = ./provers/vampire_mac
2018-04-04 11:51:49,749 ReasonerProcess                INFO     STARTING: ReasonerProcess-3, command = ./provers/p9m4/mace4
2018-04-04 11:54:20,470 ReasonerProcess                INFO     STARTING: ReasonerProcess-1, command = ./provers/p9m4/prover9
2018-04-04 11:54:20,576 ReasonerProcess                INFO     STARTING: ReasonerProcess-2, command = ./provers/vampire_mac
2018-04-04 11:54:20,682 ReasonerProcess                INFO     STARTING: ReasonerProcess-3, command = ./provers/p9m4/mace4
2018-04-04 11:57:22,936 ReasonerProcess                INFO     STARTING: ReasonerProcess-1, command = ./provers/p9m4/prover9
2018-04-04 11:57:23,041 ReasonerProcess                INFO     STARTING: ReasonerProcess-2, command = ./provers/vampire_mac
2018-04-04 11:57:23,149 ReasonerProcess                INFO     STARTING: ReasonerProcess-3, command = ./provers/p9m4/mace4
2018-04-04 12:02:54,258 ReasonerProcess                INFO     STARTING: ReasonerProcess-1, command = ./provers/p9m4/prover9
2018-04-04 12:02:54,363 ReasonerProcess                INFO     STARTING: ReasonerProcess-2, command = ./provers/vampire_mac
2018-04-04 12:02:54,468 ReasonerProcess                INFO     STARTING: ReasonerProcess-3, command = ./provers/p9m4/mace4
2018-04-04 12:05:18,090 ReasonerProcess                INFO     STARTING: ReasonerProcess-1, command = ./provers/p9m4/prover9
2018-04-04 12:05:18,195 ReasonerProcess                INFO     STARTING: ReasonerProcess-2, command = ./provers/p9m4/mace4
2018-04-04 12:05:19,127 ReasonerProcess                INFO     FINISHED: ReasonerProcess-1, command = ./provers/p9m4/prover9
2018-04-04 12:05:19,225 ReasonerProcess                INFO     FINISHED: ReasonerProcess-2, command = ./provers/p9m4/mace4
2018-04-04 12:05:19,409 ReasonerProcess                DEBUG    RECEIVED ABORT SIGNAL: ReasonerProcess-1, command = ./provers/p9m4/prover9
2018-04-04 12:05:19,410 ReasonerProcess                DEBUG    RECEIVED ABORT SIGNAL: ReasonerProcess-2, command = ./provers/p9m4/mace4
